5月 20, 2018 11:09:22 下午 logger.LoggerFactory getLogger
信息: log file created
5月 20, 2018 11:09:22 下午 logger.LoggerFactory getLogger
信息: Logger ready
5月 20, 2018 11:09:22 下午 RunChatClient launch
信息: Creating client to pingguodeMacBook-Pro.local at port 1394 with verbose off ... 
5月 20, 2018 11:09:23 下午 logger.LoggerFactory getLogger
信息: Logger ready
5月 20, 2018 11:09:23 下午 widgets.AbstractClientFrame <init>
信息: AbstractClientFrame : PipedInputStream Created
5月 20, 2018 11:09:23 下午 widgets.AbstractClientFrame <init>
信息: AbstractClientFrame : PipedOutputStream Created
5月 20, 2018 11:09:23 下午 widgets.AbstractClientFrame <init>
信息: AbstractClientFrame : Printwriter to PipedOutputStream Created
5月 20, 2018 11:09:23 下午 logger.LoggerFactory getLogger
信息: Logger ready
5月 20, 2018 11:09:23 下午 chat.client.ChatClient <init>
信息: ChatClient: socket created
5月 20, 2018 11:09:23 下午 chat.client.ChatClient <init>
信息: ChatClient: got client output stream to server
5月 20, 2018 11:09:23 下午 chat.client.ChatClient <init>
信息: ChatClient: sending name to server ... 
5月 20, 2018 11:09:23 下午 logger.LoggerFactory getLogger
信息: Logger ready
5月 20, 2018 11:09:23 下午 chat.client.UserHandler <init>
信息: UserHandler: creating user input buffered reader ... 
5月 20, 2018 11:09:23 下午 chat.client.UserHandler <init>
信息: UserHandler: creating server output print writer ... 
5月 20, 2018 11:09:23 下午 logger.LoggerFactory getLogger
信息: Logger ready
5月 20, 2018 11:09:23 下午 chat.client.ServerHandler <init>
信息: ServerHandler: creating server input reader ... 
5月 20, 2018 11:09:23 下午 chat.client.ServerHandler <init>
信息: ObjectInputStream instantiation
5月 20, 2018 11:09:23 下午 chat.client.ServerHandler <init>
信息: ServerHandler: creating user output ... 
5月 20, 2018 11:09:23 下午 chat.client.ServerHandler <init>
信息: ServerHandler: creating user output ...down 
5月 20, 2018 11:10:11 下午 widgets.ClientFrame$FrameWindowListener windowClosing
信息: FrameWindowListener::windowClosing: sending bye ... 
5月 20, 2018 11:10:11 下午 widgets.ClientFrame$QuitAction actionPerformed
信息: QuitAction: sending bye ... 
5月 20, 2018 11:10:12 下午 widgets.AbstractClientFrame sendMessage
信息: ClientFrame::sendMessage writing out: bye
5月 20, 2018 11:10:12 下午 chat.client.UserHandler run
信息: UserHandler: changing run state at the end ... 
